Flutter crash report.
Please report a bug at https://github.com/flutter/flutter/issues.

## command

flutter pub get

## exception

PathAccessException: PathAccessException: Cannot create link, path = '/media/yogesh/6780-C8B7/zoom_clone/windows/flutter/ephemeral/.plugin_symlinks/cloud_firestore' (OS Error: Operation not permitted, errno = 1)

```
#0      _Link.throwIfError (dart:io/link.dart:358:7)
#1      _Link.createSync (dart:io/link.dart:276:5)
#2      ForwardingLink.createSync (package:file/src/forwarding/forwarding_link.dart:20:16)
#3      ForwardingLink.createSync (package:file/src/forwarding/forwarding_link.dart:20:16)
#4      _createPlatformPluginSymlinks (package:flutter_tools/src/flutter_plugins.dart:1143:12)
#5      createPluginSymlinks (package:flutter_tools/src/flutter_plugins.dart:1060:5)
#6      refreshPluginsList (package:flutter_tools/src/flutter_plugins.dart:1192:5)
<asynchronous suspension>
#7      FlutterProject.ensureReadyForPlatformSpecificTooling (package:flutter_tools/src/project.dart:401:5)
<asynchronous suspension>
#8      PackagesGetCommand.runCommand (package:flutter_tools/src/commands/packages.dart:395:9)
<asynchronous suspension>
#9      FlutterCommand.run.<anonymous closure> (package:flutter_tools/src/runner/flutter_command.dart:1590:27)
<asynchronous suspension>
#10     AppContext.run.<anonymous closure> (package:flutter_tools/src/base/context.dart:154:19)
<asynchronous suspension>
#11     CommandRunner.runCommand (package:args/command_runner.dart:212:13)
<asynchronous suspension>
#12     FlutterCommandRunner.runCommand.<anonymous closure> (package:flutter_tools/src/runner/flutter_command_runner.dart:496:9)
<asynchronous suspension>
#13     AppContext.run.<anonymous closure> (package:flutter_tools/src/base/context.dart:154:19)
<asynchronous suspension>
#14     FlutterCommandRunner.runCommand (package:flutter_tools/src/runner/flutter_command_runner.dart:431:5)
<asynchronous suspension>
#15     FlutterCommandRunner.run.<anonymous closure> (package:flutter_tools/src/runner/flutter_command_runner.dart:307:33)
<asynchronous suspension>
#16     run.<anonymous closure>.<anonymous closure> (package:flutter_tools/runner.dart:104:11)
<asynchronous suspension>
#17     AppContext.run.<anonymous closure> (package:flutter_tools/src/base/context.dart:154:19)
<asynchronous suspension>
#18     main (package:flutter_tools/executable.dart:103:3)
<asynchronous suspension>
```

## flutter doctor

```
[32m[✓][39m Flutter (Channel stable, 3.41.4, on Ubuntu 24.04.4 LTS 6.17.0-20-generic, locale en_US.UTF-8) [294ms]
    [32m•[39m Flutter version 3.41.4 on channel stable at /media/yogesh/6780-C8B7/Flutter/flutter
    [32m•[39m Upstream repository https://github.com/flutter/flutter.git
    [32m•[39m Framework revision ff37bef603 (7 weeks ago), 2026-03-03 16:03:22 -0800
    [32m•[39m Engine revision e4b8dca3f1
    [32m•[39m Dart version 3.11.1
    [32m•[39m DevTools version 2.54.1
    [32m•[39m Feature flags: enable-web, enable-linux-desktop, enable-macos-desktop, enable-windows-desktop, enable-android, enable-ios, cli-animations, enable-native-assets, omit-legacy-version-file,
      enable-lldb-debugging, enable-uiscene-migration

[32m[✓][39m Android toolchain - develop for Android devices (Android SDK version 35.0.0) [2.5s]
    [32m•[39m Android SDK at /home/yogesh/Android/Sdk
    [32m•[39m Emulator version unknown
    [32m•[39m Platform android-36, build-tools 35.0.0
    [32m•[39m ANDROID_HOME = /home/yogesh/Android/Sdk
    [32m•[39m Java binary at: /usr/bin/java
      This JDK was found in the system PATH.
      To manually set the JDK path, use: `flutter config --jdk-dir="path/to/jdk"`.
    [32m•[39m Java version OpenJDK Runtime Environment (build 21.0.10+7-Ubuntu-124.04)
    [32m•[39m All Android licenses accepted.

[32m[✓][39m Chrome - develop for the web [165ms]
    [32m•[39m Chrome at google-chrome

[32m[✓][39m Linux toolchain - develop for Linux desktop [2.8s]
    [32m•[39m Ubuntu clang version 18.1.3 (1ubuntu1)
    [32m•[39m cmake version 3.28.3
    [32m•[39m ninja version 1.11.1
    [32m•[39m pkg-config version 1.8.1
    [32m•[39m OpenGL core renderer: Mesa Intel(R) Graphics (RPL-P) (X11)
    [32m•[39m OpenGL core version: 4.6 (Core Profile) Mesa 25.2.8-0ubuntu0.24.04.1 (X11)
    [32m•[39m OpenGL core shading language version: 4.60 (X11)
    [32m•[39m OpenGL ES renderer: Mesa Intel(R) Graphics (RPL-P) (X11)
    [32m•[39m OpenGL ES version: OpenGL ES 3.2 Mesa 25.2.8-0ubuntu0.24.04.1 (X11)
    [32m•[39m OpenGL ES shading language version: OpenGL ES GLSL ES 3.20 (X11)
    [32m•[39m GL_EXT_framebuffer_blit: yes (X11)
    [32m•[39m GL_EXT_texture_format_BGRA8888: yes (X11)

[32m[✓][39m Connected device (2 available) [366ms]
    [32m•[39m Linux (desktop) • linux  • linux-x64      • Ubuntu 24.04.4 LTS 6.17.0-20-generic
    [32m•[39m Chrome (web)    • chrome • web-javascript • Google Chrome 145.0.7632.159

[32m[✓][39m Network resources [1,027ms]
    [32m•[39m All expected network resources are available.

[32m•[39m No issues found!
```
