Flutter crash report.
Please report a bug at https://github.com/flutter/flutter/issues.

## command

flutter pub get --no-example

## exception

PathAccessException: PathAccessException: Cannot create link, path = '/media/yogesh/6780-C8B7/zoom_clone/windows/flutter/ephemeral/.plugin_symlinks/cloud_firestore' (OS Error: Operation not permitted, errno = 1)

```
#0      _Link.throwIfError (dart:io/link.dart:358:7)
#1      _Link.createSync (dart:io/link.dart:276:5)
#2      ForwardingLink.createSync (package:file/src/forwarding/forwarding_link.dart:20:16)
#3      ForwardingLink.createSync (package:file/src/forwarding/forwarding_link.dart:20:16)
#4      _createPlatformPluginSymlinks (package:flutter_tools/src/flutter_plugins.dart:1143:12)
#5      createPluginSymlinks (package:flutter_tools/src/flutter_plugins.dart:1060:5)
#6      refreshPluginsList (package:flutter_tools/src/flutter_plugins.dart:1192:5)
<asynchronous suspension>
#7      FlutterProject.ensureReadyForPlatformSpecificTooling (package:flutter_tools/src/project.dart:401:5)
<asynchronous suspension>
#8      PackagesGetCommand.runCommand (package:flutter_tools/src/commands/packages.dart:395:9)
<asynchronous suspension>
#9      FlutterCommand.run.<anonymous closure> (package:flutter_tools/src/runner/flutter_command.dart:1590:27)
<asynchronous suspension>
#10     AppContext.run.<anonymous closure> (package:flutter_tools/src/base/context.dart:154:19)
<asynchronous suspension>
#11     CommandRunner.runCommand (package:args/command_runner.dart:212:13)
<asynchronous suspension>
#12     FlutterCommandRunner.runCommand.<anonymous closure> (package:flutter_tools/src/runner/flutter_command_runner.dart:496:9)
<asynchronous suspension>
#13     AppContext.run.<anonymous closure> (package:flutter_tools/src/base/context.dart:154:19)
<asynchronous suspension>
#14     FlutterCommandRunner.runCommand (package:flutter_tools/src/runner/flutter_command_runner.dart:431:5)
<asynchronous suspension>
#15     FlutterCommandRunner.run.<anonymous closure> (package:flutter_tools/src/runner/flutter_command_runner.dart:307:33)
<asynchronous suspension>
#16     run.<anonymous closure>.<anonymous closure> (package:flutter_tools/runner.dart:104:11)
<asynchronous suspension>
#17     AppContext.run.<anonymous closure> (package:flutter_tools/src/base/context.dart:154:19)
<asynchronous suspension>
#18     main (package:flutter_tools/executable.dart:103:3)
<asynchronous suspension>
```

## flutter doctor

```
[✓] Flutter (Channel stable, 3.41.4, on Ubuntu 24.04.4 LTS 6.17.0-20-generic, locale en_US.UTF-8) [224ms]
    • Flutter version 3.41.4 on channel stable at /media/yogesh/6780-C8B7/Flutter/flutter
    • Upstream repository https://github.com/flutter/flutter.git
    • Framework revision ff37bef603 (7 weeks ago), 2026-03-03 16:03:22 -0800
    • Engine revision e4b8dca3f1
    • Dart version 3.11.1
    • DevTools version 2.54.1
    • Feature flags: enable-web, enable-linux-desktop, enable-macos-desktop, enable-windows-desktop, enable-android, enable-ios, cli-animations, enable-native-assets, omit-legacy-version-file, enable-lldb-debugging, enable-uiscene-migration

[✓] Android toolchain - develop for Android devices (Android SDK version 35.0.0) [2.5s]
    • Android SDK at /home/yogesh/Android/Sdk
    • Emulator version unknown
    • Platform android-36, build-tools 35.0.0
    • ANDROID_HOME = /home/yogesh/Android/Sdk
    • Java binary at: /usr/bin/java
      This JDK was found in the system PATH.
      To manually set the JDK path, use: `flutter config --jdk-dir="path/to/jdk"`.
    • Java version OpenJDK Runtime Environment (build 21.0.10+7-Ubuntu-124.04)
    • All Android licenses accepted.

[✓] Chrome - develop for the web [106ms]
    • Chrome at google-chrome

[✓] Linux toolchain - develop for Linux desktop [2.4s]
    • Ubuntu clang version 18.1.3 (1ubuntu1)
    • cmake version 3.28.3
    • ninja version 1.11.1
    • pkg-config version 1.8.1
    • OpenGL core renderer: Mesa Intel(R) Graphics (RPL-P) (X11)
    • OpenGL core version: 4.6 (Core Profile) Mesa 25.2.8-0ubuntu0.24.04.1 (X11)
    • OpenGL core shading language version: 4.60 (X11)
    • OpenGL ES renderer: Mesa Intel(R) Graphics (RPL-P) (X11)
    • OpenGL ES version: OpenGL ES 3.2 Mesa 25.2.8-0ubuntu0.24.04.1 (X11)
    • OpenGL ES shading language version: OpenGL ES GLSL ES 3.20 (X11)
    • GL_EXT_framebuffer_blit: yes (X11)
    • GL_EXT_texture_format_BGRA8888: yes (X11)

[✓] Connected device (2 available) [201ms]
    • Linux (desktop) • linux  • linux-x64      • Ubuntu 24.04.4 LTS 6.17.0-20-generic
    • Chrome (web)    • chrome • web-javascript • Google Chrome 145.0.7632.159

[✓] Network resources [730ms]
    • All expected network resources are available.

• No issues found!
```
